<?xml version="1.0" encoding="UTF-8"?>
<!-- Generated by org.testng.reporters.JUnitXMLReporter -->
<testsuite hostname="XVMYDSKCLN016" name="Default test" tests="8" failures="0" timestamp="21 Mar 2017 13:24:15 GMT" time="2.002" errors="0">
  <testcase name="Scenarios" time="0.444" classname="baseTest.MainTest"/>
  <testcase name="Scenarios" time="0.053" classname="baseTest.MainTest"/>
  <testcase name="Scenarios" time="0.083" classname="baseTest.MainTest"/>
  <testcase name="Scenarios" time="0.081" classname="baseTest.MainTest"/>
  <testcase name="Scenarios" time="0.092" classname="baseTest.MainTest"/>
  <testcase name="Scenarios" time="0.124" classname="baseTest.MainTest"/>
  <testcase name="Scenarios" time="0.021" classname="baseTest.MainTest"/>
  <testcase name="Scenarios" time="0.012" classname="baseTest.MainTest"/>
</testsuite> <!-- Default test -->
