<?xml version="1.0" encoding="UTF-8"?>
<testsuite name="BidMaster"
           tests="8"
           failures="1"
           errors="0"
           skipped="0"
           time="10.391">
  <properties />
            <testcase name="Bidmaster_Status_Valid_ServiceTN" time="0.292" classname="service_DispatchStatus.BidMaster">
                <failure type="java.lang.AssertionError"
                  message="expected [null] but found [Bidmaster]"
              >
<![CDATA[java.lang.AssertionError: expected [null] but found [Bidmaster]
  org.testng.Assert.fail(Assert.java:94)
  org.testng.Assert.failNotEquals(Assert.java:496)
  org.testng.Assert.assertEquals(Assert.java:116)
  org.testng.Assert.assertEquals(Assert.java:178)
  org.testng.Assert.assertEquals(Assert.java:188)
  service_DispatchStatus.BidMaster.Bidmaster_Status_Valid_ServiceTN(BidMaster.java:135)
  sun.reflect.NativeMethodAccessorImpl.invoke0(Native Method)
  sun.reflect.NativeMethodAccessorImpl.invoke(NativeMethodAccessorImpl.java:62)
  sun.reflect.DelegatingMethodAccessorImpl.invoke(DelegatingMethodAccessorImpl.java:43)
  java.lang.reflect.Method.invoke(Method.java:497)
  org.testng.internal.MethodInvocationHelper.invokeMethod(MethodInvocationHelper.java:85)
  org.testng.internal.Invoker.invokeMethod(Invoker.java:639)
  org.testng.internal.Invoker.invokeTestMethod(Invoker.java:816)
  org.testng.internal.Invoker.invokeTestMethods(Invoker.java:1124)
  org.testng.internal.TestMethodWorker.invokeTestMethods(TestMethodWorker.java:125)
  org.testng.internal.TestMethodWorker.run(TestMethodWorker.java:108)
  org.testng.TestRunner.privateRun(TestRunner.java:774)
  org.testng.TestRunner.run(TestRunner.java:624)
  org.testng.SuiteRunner.runTest(SuiteRunner.java:359)
  org.testng.SuiteRunner.runSequentially(SuiteRunner.java:354)
  org.testng.SuiteRunner.privateRun(SuiteRunner.java:312)
  org.testng.SuiteRunner.run(SuiteRunner.java:261)
  org.testng.SuiteRunnerWorker.runSuite(SuiteRunnerWorker.java:52)
  org.testng.SuiteRunnerWorker.run(SuiteRunnerWorker.java:86)
  org.testng.TestNG.runSuitesSequentially(TestNG.java:1215)
  org.testng.TestNG.runSuitesLocally(TestNG.java:1140)
  org.testng.TestNG.run(TestNG.java:1048)
  org.apache.maven.surefire.testng.TestNGExecutor.run(TestNGExecutor.java:293)
  org.apache.maven.surefire.testng.TestNGXmlTestSuite.execute(TestNGXmlTestSuite.java:84)
  org.apache.maven.surefire.testng.TestNGProvider.invoke(TestNGProvider.java:91)
  org.apache.maven.surefire.booter.ForkedBooter.invokeProviderInSameClassLoader(ForkedBooter.java:200)
  org.apache.maven.surefire.booter.ForkedBooter.runSuitesInProcess(ForkedBooter.java:153)
  org.apache.maven.surefire.booter.ForkedBooter.main(ForkedBooter.java:103)
]]>
      </failure>

          </testcase>
  
  
            <testcase name="Bidmaster_Status_ServiceTN" time="7.000" classname="service_DispatchStatus.BidMaster" />
                <testcase name="Bidmaster_Status_Empty_CentralOffice" time="2.638" classname="service_DispatchStatus.BidMaster" />
                <testcase name="Bidmaster_Status_Invalid_DispatchType" time="0.083" classname="service_DispatchStatus.BidMaster" />
                <testcase name="Bidmaster_Status_Invalid_ServiceTN" time="0.130" classname="service_DispatchStatus.BidMaster" />
                <testcase name="Bidmaster_Status_Invalid_CentralOffice" time="0.056" classname="service_DispatchStatus.BidMaster" />
                <testcase name="Bidmaster_Status_Empty_ServiceTN" time="0.067" classname="service_DispatchStatus.BidMaster" />
                <testcase name="Bidmaster_Status_Empty_DispatchType" time="0.125" classname="service_DispatchStatus.BidMaster" />
      
</testsuite>
