<?xml version="1.0" encoding="UTF-8"?>
<testng-results skipped="0" failed="0" total="8" passed="8">
  <reporter-output>
    <line>
      <![CDATA[Fetch_Repair_History_Verifying_fetch repair_telephone number_sample2_TC02]]>
    </line>
    <line>
      <![CDATA[Fetch_Repair_History_Valid_Error_message_Invalid_telephone number_alphanumeric_TC07]]>
    </line>
    <line>
      <![CDATA[Fetch_Repair_History_Valid_Error_message_Invalid_telephone number_symbols_TC08]]>
    </line>
    <line>
      <![CDATA[Fetch_Repair_History_Valid_Error_message_Invalid_telephone number_Morethan10_TC09]]>
    </line>
    <line>
      <![CDATA[Fetch_Repair_History_Valid_Error_message_Invalid_telephone number_Lessthan10_TC10]]>
    </line>
    <line>
      <![CDATA[Fetch_Repair_History_Valid_Error_message_Invalid_telephone number_null_TC12]]>
    </line>
    <line>
      <![CDATA[Fetch_Repair_History_Valid_Error_message_Invalid_telephone number_empty_TC13]]>
    </line>
    <line>
      <![CDATA[Fetch_Repair_History_Fetch_Repair_History_TC13]]>
    </line>
  </reporter-output>
  <suite name="Default suite" duration-ms="2002" started-at="2017-03-21T13:24:13Z" finished-at="2017-03-21T13:24:15Z">
    <groups>
    </groups>
    <test name="Default test" duration-ms="2002" started-at="2017-03-21T13:24:13Z" finished-at="2017-03-21T13:24:15Z">
      <class name="baseTest.MainTest">
        <test-method status="PASS" signature="startReport()[pri:0, instance:baseTest.MainTest@2d7275fc]" name="startReport" is-config="true" duration-ms="142" started-at="2017-03-21T18:54:13Z" finished-at="2017-03-21T18:54:13Z">
          <reporter-output>
          </reporter-output>
        </test-method> <!-- startReport -->
        <test-method status="PASS" signature="Scenarios(java.lang.String, java.lang.String)[pri:0, instance:baseTest.MainTest@2d7275fc]" name="Scenarios" duration-ms="444" started-at="2017-03-21T18:54:13Z" data-provider="test1" finished-at="2017-03-21T18:54:13Z">
          <params>
            <param index="0">
              <value>
                <![CDATA[Fetch_Repair_History]]>
              </value>
            </param>
            <param index="1">
              <value>
                <![CDATA[Verifying_fetch repair_telephone number_sample2_TC02]]>
              </value>
            </param>
          </params>
          <reporter-output>
            <line>
              <![CDATA[Fetch_Repair_History_Verifying_fetch repair_telephone number_sample2_TC02]]>
            </line>
          </reporter-output>
        </test-method> <!-- Scenarios -->
        <test-method status="PASS" signature="getResult(org.testng.ITestResult)[pri:0, instance:baseTest.MainTest@2d7275fc]" name="getResult" is-config="true" duration-ms="195" started-at="2017-03-21T18:54:13Z" finished-at="2017-03-21T18:54:13Z">
          <params>
            <param index="0">
              <value>
                <![CDATA[[TestResult name=Scenarios status=SUCCESS method=MainTest.Scenarios(java.lang.String, java.lang.String)[pri:0, instance:baseTest.MainTest@2d7275fc] output=Fetch_Repair_History_Verifying_fetch repair_telephone number_sample2_TC02]]]>
              </value>
            </param>
          </params>
          <reporter-output>
          </reporter-output>
        </test-method> <!-- getResult -->
        <test-method status="PASS" signature="Scenarios(java.lang.String, java.lang.String)[pri:0, instance:baseTest.MainTest@2d7275fc]" name="Scenarios" duration-ms="53" started-at="2017-03-21T18:54:13Z" data-provider="test1" finished-at="2017-03-21T18:54:14Z">
          <params>
            <param index="0">
              <value>
                <![CDATA[Fetch_Repair_History]]>
              </value>
            </param>
            <param index="1">
              <value>
                <![CDATA[Valid_Error_message_Invalid_telephone number_alphanumeric_TC07]]>
              </value>
            </param>
          </params>
          <reporter-output>
            <line>
              <![CDATA[Fetch_Repair_History_Valid_Error_message_Invalid_telephone number_alphanumeric_TC07]]>
            </line>
          </reporter-output>
        </test-method> <!-- Scenarios -->
        <test-method status="PASS" signature="getResult(org.testng.ITestResult)[pri:0, instance:baseTest.MainTest@2d7275fc]" name="getResult" is-config="true" duration-ms="50" started-at="2017-03-21T18:54:14Z" finished-at="2017-03-21T18:54:14Z">
          <params>
            <param index="0">
              <value>
                <![CDATA[[TestResult name=Scenarios status=SUCCESS method=MainTest.Scenarios(java.lang.String, java.lang.String)[pri:0, instance:baseTest.MainTest@2d7275fc] output=Fetch_Repair_History_Valid_Error_message_Invalid_telephone number_alphanumeric_TC07]]]>
              </value>
            </param>
          </params>
          <reporter-output>
          </reporter-output>
        </test-method> <!-- getResult -->
        <test-method status="PASS" signature="Scenarios(java.lang.String, java.lang.String)[pri:0, instance:baseTest.MainTest@2d7275fc]" name="Scenarios" duration-ms="83" started-at="2017-03-21T18:54:14Z" data-provider="test1" finished-at="2017-03-21T18:54:14Z">
          <params>
            <param index="0">
              <value>
                <![CDATA[Fetch_Repair_History]]>
              </value>
            </param>
            <param index="1">
              <value>
                <![CDATA[Valid_Error_message_Invalid_telephone number_symbols_TC08]]>
              </value>
            </param>
          </params>
          <reporter-output>
            <line>
              <![CDATA[Fetch_Repair_History_Valid_Error_message_Invalid_telephone number_symbols_TC08]]>
            </line>
          </reporter-output>
        </test-method> <!-- Scenarios -->
        <test-method status="PASS" signature="getResult(org.testng.ITestResult)[pri:0, instance:baseTest.MainTest@2d7275fc]" name="getResult" is-config="true" duration-ms="90" started-at="2017-03-21T18:54:14Z" finished-at="2017-03-21T18:54:14Z">
          <params>
            <param index="0">
              <value>
                <![CDATA[[TestResult name=Scenarios status=SUCCESS method=MainTest.Scenarios(java.lang.String, java.lang.String)[pri:0, instance:baseTest.MainTest@2d7275fc] output=Fetch_Repair_History_Valid_Error_message_Invalid_telephone number_symbols_TC08]]]>
              </value>
            </param>
          </params>
          <reporter-output>
          </reporter-output>
        </test-method> <!-- getResult -->
        <test-method status="PASS" signature="Scenarios(java.lang.String, java.lang.String)[pri:0, instance:baseTest.MainTest@2d7275fc]" name="Scenarios" duration-ms="81" started-at="2017-03-21T18:54:14Z" data-provider="test1" finished-at="2017-03-21T18:54:14Z">
          <params>
            <param index="0">
              <value>
                <![CDATA[Fetch_Repair_History]]>
              </value>
            </param>
            <param index="1">
              <value>
                <![CDATA[Valid_Error_message_Invalid_telephone number_Morethan10_TC09]]>
              </value>
            </param>
          </params>
          <reporter-output>
            <line>
              <![CDATA[Fetch_Repair_History_Valid_Error_message_Invalid_telephone number_Morethan10_TC09]]>
            </line>
          </reporter-output>
        </test-method> <!-- Scenarios -->
        <test-method status="PASS" signature="getResult(org.testng.ITestResult)[pri:0, instance:baseTest.MainTest@2d7275fc]" name="getResult" is-config="true" duration-ms="59" started-at="2017-03-21T18:54:14Z" finished-at="2017-03-21T18:54:14Z">
          <params>
            <param index="0">
              <value>
                <![CDATA[[TestResult name=Scenarios status=SUCCESS method=MainTest.Scenarios(java.lang.String, java.lang.String)[pri:0, instance:baseTest.MainTest@2d7275fc] output=Fetch_Repair_History_Valid_Error_message_Invalid_telephone number_Morethan10_TC09]]]>
              </value>
            </param>
          </params>
          <reporter-output>
          </reporter-output>
        </test-method> <!-- getResult -->
        <test-method status="PASS" signature="Scenarios(java.lang.String, java.lang.String)[pri:0, instance:baseTest.MainTest@2d7275fc]" name="Scenarios" duration-ms="92" started-at="2017-03-21T18:54:14Z" data-provider="test1" finished-at="2017-03-21T18:54:14Z">
          <params>
            <param index="0">
              <value>
                <![CDATA[Fetch_Repair_History]]>
              </value>
            </param>
            <param index="1">
              <value>
                <![CDATA[Valid_Error_message_Invalid_telephone number_Lessthan10_TC10]]>
              </value>
            </param>
          </params>
          <reporter-output>
            <line>
              <![CDATA[Fetch_Repair_History_Valid_Error_message_Invalid_telephone number_Lessthan10_TC10]]>
            </line>
          </reporter-output>
        </test-method> <!-- Scenarios -->
        <test-method status="PASS" signature="getResult(org.testng.ITestResult)[pri:0, instance:baseTest.MainTest@2d7275fc]" name="getResult" is-config="true" duration-ms="33" started-at="2017-03-21T18:54:14Z" finished-at="2017-03-21T18:54:14Z">
          <params>
            <param index="0">
              <value>
                <![CDATA[[TestResult name=Scenarios status=SUCCESS method=MainTest.Scenarios(java.lang.String, java.lang.String)[pri:0, instance:baseTest.MainTest@2d7275fc] output=Fetch_Repair_History_Valid_Error_message_Invalid_telephone number_Lessthan10_TC10]]]>
              </value>
            </param>
          </params>
          <reporter-output>
          </reporter-output>
        </test-method> <!-- getResult -->
        <test-method status="PASS" signature="Scenarios(java.lang.String, java.lang.String)[pri:0, instance:baseTest.MainTest@2d7275fc]" name="Scenarios" duration-ms="124" started-at="2017-03-21T18:54:14Z" data-provider="test1" finished-at="2017-03-21T18:54:14Z">
          <params>
            <param index="0">
              <value>
                <![CDATA[Fetch_Repair_History]]>
              </value>
            </param>
            <param index="1">
              <value>
                <![CDATA[Valid_Error_message_Invalid_telephone number_null_TC12]]>
              </value>
            </param>
          </params>
          <reporter-output>
            <line>
              <![CDATA[Fetch_Repair_History_Valid_Error_message_Invalid_telephone number_null_TC12]]>
            </line>
          </reporter-output>
        </test-method> <!-- Scenarios -->
        <test-method status="PASS" signature="getResult(org.testng.ITestResult)[pri:0, instance:baseTest.MainTest@2d7275fc]" name="getResult" is-config="true" duration-ms="30" started-at="2017-03-21T18:54:14Z" finished-at="2017-03-21T18:54:14Z">
          <params>
            <param index="0">
              <value>
                <![CDATA[[TestResult name=Scenarios status=SUCCESS method=MainTest.Scenarios(java.lang.String, java.lang.String)[pri:0, instance:baseTest.MainTest@2d7275fc] output=Fetch_Repair_History_Valid_Error_message_Invalid_telephone number_null_TC12]]]>
              </value>
            </param>
          </params>
          <reporter-output>
          </reporter-output>
        </test-method> <!-- getResult -->
        <test-method status="PASS" signature="Scenarios(java.lang.String, java.lang.String)[pri:0, instance:baseTest.MainTest@2d7275fc]" name="Scenarios" duration-ms="21" started-at="2017-03-21T18:54:14Z" data-provider="test1" finished-at="2017-03-21T18:54:14Z">
          <params>
            <param index="0">
              <value>
                <![CDATA[Fetch_Repair_History]]>
              </value>
            </param>
            <param index="1">
              <value>
                <![CDATA[Valid_Error_message_Invalid_telephone number_empty_TC13]]>
              </value>
            </param>
          </params>
          <reporter-output>
            <line>
              <![CDATA[Fetch_Repair_History_Valid_Error_message_Invalid_telephone number_empty_TC13]]>
            </line>
          </reporter-output>
        </test-method> <!-- Scenarios -->
        <test-method status="PASS" signature="getResult(org.testng.ITestResult)[pri:0, instance:baseTest.MainTest@2d7275fc]" name="getResult" is-config="true" duration-ms="27" started-at="2017-03-21T18:54:14Z" finished-at="2017-03-21T18:54:14Z">
          <params>
            <param index="0">
              <value>
                <![CDATA[[TestResult name=Scenarios status=SUCCESS method=MainTest.Scenarios(java.lang.String, java.lang.String)[pri:0, instance:baseTest.MainTest@2d7275fc] output=Fetch_Repair_History_Valid_Error_message_Invalid_telephone number_empty_TC13]]]>
              </value>
            </param>
          </params>
          <reporter-output>
          </reporter-output>
        </test-method> <!-- getResult -->
        <test-method status="PASS" signature="Scenarios(java.lang.String, java.lang.String)[pri:0, instance:baseTest.MainTest@2d7275fc]" name="Scenarios" duration-ms="12" started-at="2017-03-21T18:54:14Z" data-provider="test1" finished-at="2017-03-21T18:54:14Z">
          <params>
            <param index="0">
              <value>
                <![CDATA[Fetch_Repair_History]]>
              </value>
            </param>
            <param index="1">
              <value>
                <![CDATA[Fetch_Repair_History_TC13]]>
              </value>
            </param>
          </params>
          <reporter-output>
            <line>
              <![CDATA[Fetch_Repair_History_Fetch_Repair_History_TC13]]>
            </line>
          </reporter-output>
        </test-method> <!-- Scenarios -->
        <test-method status="PASS" signature="getResult(org.testng.ITestResult)[pri:0, instance:baseTest.MainTest@2d7275fc]" name="getResult" is-config="true" duration-ms="89" started-at="2017-03-21T18:54:14Z" finished-at="2017-03-21T18:54:14Z">
          <params>
            <param index="0">
              <value>
                <![CDATA[[TestResult name=Scenarios status=SUCCESS method=MainTest.Scenarios(java.lang.String, java.lang.String)[pri:0, instance:baseTest.MainTest@2d7275fc] output=Fetch_Repair_History_Fetch_Repair_History_TC13]]]>
              </value>
            </param>
          </params>
          <reporter-output>
          </reporter-output>
        </test-method> <!-- getResult -->
        <test-method status="PASS" signature="endreport()[pri:0, instance:baseTest.MainTest@2d7275fc]" name="endreport" is-config="true" duration-ms="172" started-at="2017-03-21T18:54:14Z" finished-at="2017-03-21T18:54:15Z">
          <reporter-output>
          </reporter-output>
        </test-method> <!-- endreport -->
      </class> <!-- baseTest.MainTest -->
    </test> <!-- Default test -->
  </suite> <!-- Default suite -->
</testng-results>
